2023-03-08 20:04:15,668 INFO o.a.j.u.JMeterUtils: Setting Locale to en_EN
2023-03-08 20:04:15,688 INFO o.a.j.JMeter: Loading user properties from: /Users/michaeltimofeev/tools/apache-jmeter-5.4.1/bin/user.properties
2023-03-08 20:04:15,689 INFO o.a.j.JMeter: Loading system properties from: /Users/michaeltimofeev/tools/apache-jmeter-5.4.1/bin/system.properties
2023-03-08 20:04:15,690 INFO o.a.j.JMeter: Setting JMeter property: counofusers=5
2023-03-08 20:04:15,690 INFO o.a.j.JMeter: Setting JMeter property: rumpup=10
2023-03-08 20:04:15,690 INFO o.a.j.JMeter: Setting JMeter property: duration=60
2023-03-08 20:04:15,690 INFO o.a.j.JMeter: Setting JMeter property: deviation=50
2023-03-08 20:04:15,690 INFO o.a.j.JMeter: Setting JMeter property: offset=1400
2023-03-08 20:04:15,690 INFO o.a.j.JMeter: Setting JMeter property: targethttpprotocol=https
2023-03-08 20:04:15,690 INFO o.a.j.JMeter: Setting JMeter property: targethost=challenge.flood.io
2023-03-08 20:04:15,690 INFO o.a.j.JMeter: Setting JMeter property: targetport=443
2023-03-08 20:04:15,707 INFO o.a.j.JMeter: Copyright (c) 1998-2021 The Apache Software Foundation
2023-03-08 20:04:15,707 INFO o.a.j.JMeter: Version 5.4.1
2023-03-08 20:04:15,707 INFO o.a.j.JMeter: java.version=1.8.0_321
2023-03-08 20:04:15,707 INFO o.a.j.JMeter: java.vm.name=Java HotSpot(TM) 64-Bit Server VM
2023-03-08 20:04:15,707 INFO o.a.j.JMeter: os.name=Mac OS X
2023-03-08 20:04:15,707 INFO o.a.j.JMeter: os.arch=x86_64
2023-03-08 20:04:15,707 INFO o.a.j.JMeter: os.version=13.1
2023-03-08 20:04:15,707 INFO o.a.j.JMeter: file.encoding=UTF-8
2023-03-08 20:04:15,708 INFO o.a.j.JMeter: java.awt.headless=true
2023-03-08 20:04:15,708 INFO o.a.j.JMeter: Max memory     =1073741824
2023-03-08 20:04:15,708 INFO o.a.j.JMeter: Available Processors =8
2023-03-08 20:04:15,711 INFO o.a.j.JMeter: Default Locale=English (EN)
2023-03-08 20:04:15,712 INFO o.a.j.JMeter: JMeter  Locale=English (EN)
2023-03-08 20:04:15,712 INFO o.a.j.JMeter: JMeterHome=/Users/michaeltimofeev/tools/apache-jmeter-5.4.1
2023-03-08 20:04:15,712 INFO o.a.j.JMeter: user.dir  =/Users/michaeltimofeev/Documents/epam/perfChallengeFlood/logs
2023-03-08 20:04:15,712 INFO o.a.j.JMeter: PWD       =/Users/michaeltimofeev/Documents/epam/perfChallengeFlood/logs
2023-03-08 20:04:15,714 INFO o.a.j.JMeter: IP: 127.0.0.1 Name: Michaels-MacBook-Pro.local FullName: localhost
2023-03-08 20:04:15,718 INFO o.a.j.JMeter: Setting property 'jmeter.reportgenerator.outputdir' to:'/Users/michaeltimofeev/Documents/epam/perfChallengeFlood/logs/htmlReport'
2023-03-08 20:04:15,722 INFO o.a.j.s.FileServer: Default base='/Users/michaeltimofeev/Documents/epam/perfChallengeFlood/logs'
2023-03-08 20:04:15,723 INFO o.a.j.s.FileServer: Set new base='/Users/michaeltimofeev/Documents/epam/perfChallengeFlood'
2023-03-08 20:04:15,836 INFO o.a.j.s.SaveService: Testplan (JMX) version: 2.2. Testlog (JTL) version: 2.2
2023-03-08 20:04:16,055 INFO o.a.j.s.SaveService: Using SaveService properties file encoding UTF-8
2023-03-08 20:04:16,059 INFO o.a.j.s.SaveService: Using SaveService properties version 5.0
2023-03-08 20:04:16,063 INFO o.a.j.s.SaveService: Loading file: /Users/michaeltimofeev/Documents/epam/perfChallengeFlood/testScript.jmx
2023-03-08 20:04:16,121 INFO o.a.j.p.h.c.CookieManager: Settings: Delete null: true Check: false Allow variable: true Save: false Prefix: COOKIE_
2023-03-08 20:04:16,186 INFO o.a.j.p.h.s.HTTPSamplerBase: Parser for text/html is org.apache.jmeter.protocol.http.parser.LagartoBasedHtmlParser
2023-03-08 20:04:16,187 INFO o.a.j.p.h.s.HTTPSamplerBase: Parser for application/xhtml+xml is org.apache.jmeter.protocol.http.parser.LagartoBasedHtmlParser
2023-03-08 20:04:16,187 INFO o.a.j.p.h.s.HTTPSamplerBase: Parser for application/xml is org.apache.jmeter.protocol.http.parser.LagartoBasedHtmlParser
2023-03-08 20:04:16,187 INFO o.a.j.p.h.s.HTTPSamplerBase: Parser for text/xml is org.apache.jmeter.protocol.http.parser.LagartoBasedHtmlParser
2023-03-08 20:04:16,187 INFO o.a.j.p.h.s.HTTPSamplerBase: Parser for text/vnd.wap.wml is org.apache.jmeter.protocol.http.parser.RegexpHTMLParser
2023-03-08 20:04:16,187 INFO o.a.j.p.h.s.HTTPSamplerBase: Parser for text/css is org.apache.jmeter.protocol.http.parser.CssParser
2023-03-08 20:04:16,373 INFO o.a.j.JMeter: Creating summariser <summary>
2023-03-08 20:04:16,376 INFO o.a.j.r.d.ReportGenerator: ReportGenerator will use for Parsing the separator: ','
2023-03-08 20:04:16,376 INFO o.a.j.r.d.ReportGenerator: Will generate report at end of test from  results file: /Users/michaeltimofeev/Documents/epam/perfChallengeFlood/logs/csvReport/testScript.csv
2023-03-08 20:04:16,376 INFO o.a.j.r.d.ReportGenerator: Reading report generator properties from: /Users/michaeltimofeev/tools/apache-jmeter-5.4.1/bin/reportgenerator.properties
2023-03-08 20:04:16,378 INFO o.a.j.r.d.ReportGenerator: Merging with JMeter properties
2023-03-08 20:04:16,383 INFO o.a.j.r.c.ReportGeneratorConfiguration: Property 'jmeter.reportgenerator.temp_dir' not found, using default value 'temp' instead.
2023-03-08 20:04:16,388 INFO o.a.j.r.c.ReportGeneratorConfiguration: Property 'jmeter.reportgenerator.apdex_per_transaction' not found, using default value 'null' instead.
2023-03-08 20:04:16,388 INFO o.a.j.r.c.ReportGeneratorConfiguration: apdex_per_transaction is empty, not APDEX per transaction customization
2023-03-08 20:04:16,388 INFO o.a.j.r.c.ReportGeneratorConfiguration: Property 'jmeter.reportgenerator.sample_filter' not found, using default value 'null' instead.
2023-03-08 20:04:16,388 INFO o.a.j.r.c.ReportGeneratorConfiguration: Property 'jmeter.reportgenerator.report_title' not found, using default value 'null' instead.
2023-03-08 20:04:16,388 INFO o.a.j.r.c.ReportGeneratorConfiguration: Property 'jmeter.reportgenerator.start_date' not found, using default value 'null' instead.
2023-03-08 20:04:16,388 INFO o.a.j.r.c.ReportGeneratorConfiguration: Property 'jmeter.reportgenerator.end_date' not found, using default value 'null' instead.
2023-03-08 20:04:16,388 INFO o.a.j.r.c.ReportGeneratorConfiguration: Property 'jmeter.reportgenerator.date_format' not found, using default value 'null' instead.
2023-03-08 20:04:16,389 INFO o.a.j.r.c.ReportGeneratorConfiguration: Will use date range start date: null, end date: null
2023-03-08 20:04:16,396 INFO o.a.j.r.c.ReportGeneratorConfiguration: Property 'jmeter.reportgenerator.graph.totalTPS.exclude_controllers' not found, using default value 'false' instead.
2023-03-08 20:04:16,397 INFO o.a.j.r.c.ReportGeneratorConfiguration: Property 'jmeter.reportgenerator.graph.activeThreadsOverTime.exclude_controllers' not found, using default value 'false' instead.
2023-03-08 20:04:16,397 INFO o.a.j.r.c.ReportGeneratorConfiguration: Property 'jmeter.reportgenerator.graph.timeVsThreads.exclude_controllers' not found, using default value 'false' instead.
2023-03-08 20:04:16,397 INFO o.a.j.r.c.ReportGeneratorConfiguration: Property 'jmeter.reportgenerator.graph.responseTimeDistribution.exclude_controllers' not found, using default value 'false' instead.
2023-03-08 20:04:16,397 INFO o.a.j.r.c.ReportGeneratorConfiguration: Property 'jmeter.reportgenerator.graph.transactionsPerSecond.exclude_controllers' not found, using default value 'false' instead.
2023-03-08 20:04:16,397 INFO o.a.j.r.c.ReportGeneratorConfiguration: Property 'jmeter.reportgenerator.graph.responseTimePercentiles.exclude_controllers' not found, using default value 'false' instead.
2023-03-08 20:04:16,397 INFO o.a.j.r.c.ReportGeneratorConfiguration: Property 'jmeter.reportgenerator.graph.responseTimePercentilesOverTime.exclude_controllers' not found, using default value 'false' instead.
2023-03-08 20:04:16,398 INFO o.a.j.r.c.ReportGeneratorConfiguration: Property 'jmeter.reportgenerator.graph.responseTimesOverTime.exclude_controllers' not found, using default value 'false' instead.
2023-03-08 20:04:16,398 INFO o.a.j.r.c.ReportGeneratorConfiguration: Property 'jmeter.reportgenerator.graph.connectTimeOverTime.exclude_controllers' not found, using default value 'false' instead.
2023-03-08 20:04:16,398 INFO o.a.j.r.c.ReportGeneratorConfiguration: Property 'jmeter.reportgenerator.graph.latenciesOverTime.exclude_controllers' not found, using default value 'false' instead.
2023-03-08 20:04:16,400 INFO o.a.j.r.c.ReportGeneratorConfiguration: Property 'jmeter.reportgenerator.exporter.json.filters_only_sample_series' not found, using default value 'true' instead.
2023-03-08 20:04:16,400 INFO o.a.j.r.c.ReportGeneratorConfiguration: Property 'jmeter.reportgenerator.exporter.json.series_filter' not found, using default value '' instead.
2023-03-08 20:04:16,400 INFO o.a.j.r.c.ReportGeneratorConfiguration: Property 'jmeter.reportgenerator.exporter.json.show_controllers_only' not found, using default value 'false' instead.
2023-03-08 20:04:16,400 INFO o.a.j.r.c.ReportGeneratorConfiguration: Property 'jmeter.reportgenerator.exporter.html.filters_only_sample_series' not found, using default value 'true' instead.
2023-03-08 20:04:16,400 INFO o.a.j.r.c.ReportGeneratorConfiguration: Property 'jmeter.reportgenerator.exporter.html.series_filter' not found, using default value '' instead.
2023-03-08 20:04:16,400 INFO o.a.j.r.c.ReportGeneratorConfiguration: Property 'jmeter.reportgenerator.exporter.html.show_controllers_only' not found, using default value 'false' instead.
2023-03-08 20:04:16,406 INFO o.a.j.e.StandardJMeterEngine: Running the test!
2023-03-08 20:04:16,407 INFO o.a.j.s.SampleEvent: List of sample_variables: []
2023-03-08 20:04:16,407 INFO o.a.j.s.SampleEvent: List of sample_variables: []
2023-03-08 20:04:16,412 INFO o.a.j.e.u.CompoundVariable: Note: Function class names must contain the string: '.functions.'
2023-03-08 20:04:16,413 INFO o.a.j.e.u.CompoundVariable: Note: Function class names must not contain the string: '.gui.'
2023-03-08 20:04:17,162 INFO o.a.j.JMeter: Running test (1678291457162)
2023-03-08 20:04:17,220 INFO o.a.j.e.StandardJMeterEngine: Starting ThreadGroup: 1 : Thread Group
2023-03-08 20:04:17,221 INFO o.a.j.e.StandardJMeterEngine: Starting 5 threads for group Thread Group.
2023-03-08 20:04:17,221 INFO o.a.j.e.StandardJMeterEngine: Thread will start next loop on error
2023-03-08 20:04:17,222 INFO o.a.j.t.ThreadGroup: Starting thread group... number=1 threads=5 ramp-up=10 delayedStart=false
2023-03-08 20:04:17,249 INFO o.a.j.t.JMeterThread: Thread started: Thread Group 1-1
2023-03-08 20:04:17,287 INFO o.a.j.t.ThreadGroup: Started thread group number 1
2023-03-08 20:04:17,288 INFO o.a.j.e.StandardJMeterEngine: All thread groups have been started
2023-03-08 20:04:18,715 INFO o.a.j.p.h.s.HTTPHCAbstractImpl: Local host = Michaels-MacBook-Pro.local
2023-03-08 20:04:18,723 INFO o.a.j.p.h.s.HTTPHC4Impl: HTTP request retry count = 0
2023-03-08 20:04:18,724 INFO o.a.j.s.SampleResult: Note: Sample TimeStamps are START times
2023-03-08 20:04:18,724 INFO o.a.j.s.SampleResult: sampleresult.default.encoding is set to ISO-8859-1
2023-03-08 20:04:18,724 INFO o.a.j.s.SampleResult: sampleresult.useNanoTime=true
2023-03-08 20:04:18,724 INFO o.a.j.s.SampleResult: sampleresult.nanoThreadSleep=5000
2023-03-08 20:04:19,234 INFO o.a.j.p.h.s.h.LazyLayeredConnectionSocketFactory: Setting up HTTPS TrustAll Socket Factory
2023-03-08 20:04:19,236 INFO o.a.j.t.JMeterThread: Thread started: Thread Group 1-2
2023-03-08 20:04:19,249 INFO o.a.j.u.JsseSSLManager: Using default SSL protocol: TLS
2023-03-08 20:04:19,249 INFO o.a.j.u.JsseSSLManager: SSL session context: per-thread
2023-03-08 20:04:19,788 INFO o.a.j.u.SSLManager: JmeterKeyStore Location:  type JKS
2023-03-08 20:04:19,792 INFO o.a.j.u.SSLManager: KeyStore created OK
2023-03-08 20:04:19,794 WARN o.a.j.u.SSLManager: Keystore file not found, loading empty keystore
2023-03-08 20:04:21,251 INFO o.a.j.t.JMeterThread: Thread started: Thread Group 1-3
2023-03-08 20:04:22,107 WARN o.a.j.e.BoundaryExtractor: Boundary Extractor challengerStepId: Error while generating result. java.lang.IllegalArgumentException: bound must be positive
2023-03-08 20:04:22,106 WARN o.a.j.e.BoundaryExtractor: Boundary Extractor challengerStepId: Error while generating result. java.lang.IllegalArgumentException: bound must be positive
2023-03-08 20:04:22,108 WARN o.a.j.e.BoundaryExtractor: Boundary Extractor challengerStepNumber: Error while generating result. java.lang.IllegalArgumentException: bound must be positive
2023-03-08 20:04:22,108 WARN o.a.j.e.BoundaryExtractor: Boundary Extractor challengerStepNumber: Error while generating result. java.lang.IllegalArgumentException: bound must be positive
2023-03-08 20:04:22,109 WARN o.a.j.e.BoundaryExtractor: Boundary Extractor commit: Error while generating result. java.lang.IllegalArgumentException: bound must be positive
2023-03-08 20:04:22,109 WARN o.a.j.e.BoundaryExtractor: Boundary Extractor commit: Error while generating result. java.lang.IllegalArgumentException: bound must be positive
2023-03-08 20:04:23,258 INFO o.a.j.t.JMeterThread: Thread started: Thread Group 1-4
2023-03-08 20:04:24,212 WARN o.a.j.e.BoundaryExtractor: Boundary Extractor challengerStepId: Error while generating result. java.lang.IllegalArgumentException: bound must be positive
2023-03-08 20:04:24,212 WARN o.a.j.e.BoundaryExtractor: Boundary Extractor challengerStepId: Error while generating result. java.lang.IllegalArgumentException: bound must be positive
2023-03-08 20:04:24,216 WARN o.a.j.e.BoundaryExtractor: Boundary Extractor challengerStepNumber: Error while generating result. java.lang.IllegalArgumentException: bound must be positive
2023-03-08 20:04:24,217 WARN o.a.j.e.BoundaryExtractor: Boundary Extractor challengerStepNumber: Error while generating result. java.lang.IllegalArgumentException: bound must be positive
2023-03-08 20:04:24,218 WARN o.a.j.e.BoundaryExtractor: Boundary Extractor challengerStepId: Error while generating result. java.lang.IllegalArgumentException: bound must be positive
2023-03-08 20:04:24,217 WARN o.a.j.e.BoundaryExtractor: Boundary Extractor commit: Error while generating result. java.lang.IllegalArgumentException: bound must be positive
2023-03-08 20:04:24,219 WARN o.a.j.e.BoundaryExtractor: Boundary Extractor commit: Error while generating result. java.lang.IllegalArgumentException: bound must be positive
2023-03-08 20:04:24,219 WARN o.a.j.e.BoundaryExtractor: Boundary Extractor challengerStepNumber: Error while generating result. java.lang.IllegalArgumentException: bound must be positive
2023-03-08 20:04:24,220 WARN o.a.j.e.BoundaryExtractor: Boundary Extractor commit: Error while generating result. java.lang.IllegalArgumentException: bound must be positive
2023-03-08 20:04:25,239 INFO o.a.j.t.JMeterThread: Thread started: Thread Group 1-5
2023-03-08 20:04:26,205 WARN o.a.j.e.BoundaryExtractor: Boundary Extractor challengerStepId: Error while generating result. java.lang.IllegalArgumentException: bound must be positive
2023-03-08 20:04:26,207 WARN o.a.j.e.BoundaryExtractor: Boundary Extractor challengerStepNumber: Error while generating result. java.lang.IllegalArgumentException: bound must be positive
2023-03-08 20:04:26,207 WARN o.a.j.e.BoundaryExtractor: Boundary Extractor commit: Error while generating result. java.lang.IllegalArgumentException: bound must be positive
2023-03-08 20:04:26,279 WARN o.a.j.e.BoundaryExtractor: Boundary Extractor challengerStepId: Error while generating result. java.lang.IllegalArgumentException: bound must be positive
2023-03-08 20:04:26,279 WARN o.a.j.e.BoundaryExtractor: Boundary Extractor challengerStepNumber: Error while generating result. java.lang.IllegalArgumentException: bound must be positive
2023-03-08 20:04:26,279 WARN o.a.j.e.BoundaryExtractor: Boundary Extractor commit: Error while generating result. java.lang.IllegalArgumentException: bound must be positive
2023-03-08 20:04:26,329 WARN o.a.j.e.BoundaryExtractor: Boundary Extractor challengerStepId: Error while generating result. java.lang.IllegalArgumentException: bound must be positive
2023-03-08 20:04:26,329 WARN o.a.j.e.BoundaryExtractor: Boundary Extractor challengerStepNumber: Error while generating result. java.lang.IllegalArgumentException: bound must be positive
2023-03-08 20:04:26,329 WARN o.a.j.e.BoundaryExtractor: Boundary Extractor commit: Error while generating result. java.lang.IllegalArgumentException: bound must be positive
2023-03-08 20:04:26,330 WARN o.a.j.e.BoundaryExtractor: Boundary Extractor challengerStepId: Error while generating result. java.lang.IllegalArgumentException: bound must be positive
2023-03-08 20:04:26,330 WARN o.a.j.e.BoundaryExtractor: Boundary Extractor challengerStepNumber: Error while generating result. java.lang.IllegalArgumentException: bound must be positive
2023-03-08 20:04:26,331 WARN o.a.j.e.BoundaryExtractor: Boundary Extractor commit: Error while generating result. java.lang.IllegalArgumentException: bound must be positive
2023-03-08 20:04:28,033 WARN o.a.j.e.BoundaryExtractor: Boundary Extractor challengerStepId: Error while generating result. java.lang.IllegalArgumentException: bound must be positive
2023-03-08 20:04:28,033 WARN o.a.j.e.BoundaryExtractor: Boundary Extractor challengerStepNumber: Error while generating result. java.lang.IllegalArgumentException: bound must be positive
2023-03-08 20:04:28,035 WARN o.a.j.e.BoundaryExtractor: Boundary Extractor commit: Error while generating result. java.lang.IllegalArgumentException: bound must be positive
2023-03-08 20:04:28,264 WARN o.a.j.e.BoundaryExtractor: Boundary Extractor challengerStepId: Error while generating result. java.lang.IllegalArgumentException: bound must be positive
2023-03-08 20:04:28,265 WARN o.a.j.e.BoundaryExtractor: Boundary Extractor challengerStepNumber: Error while generating result. java.lang.IllegalArgumentException: bound must be positive
2023-03-08 20:04:28,266 WARN o.a.j.e.BoundaryExtractor: Boundary Extractor commit: Error while generating result. java.lang.IllegalArgumentException: bound must be positive
2023-03-08 20:04:28,307 WARN o.a.j.e.BoundaryExtractor: Boundary Extractor challengerStepId: Error while generating result. java.lang.IllegalArgumentException: bound must be positive
2023-03-08 20:04:28,308 WARN o.a.j.e.BoundaryExtractor: Boundary Extractor challengerStepNumber: Error while generating result. java.lang.IllegalArgumentException: bound must be positive
2023-03-08 20:04:28,308 WARN o.a.j.e.BoundaryExtractor: Boundary Extractor commit: Error while generating result. java.lang.IllegalArgumentException: bound must be positive
2023-03-08 20:04:28,314 WARN o.a.j.e.BoundaryExtractor: Boundary Extractor challengerStepId: Error while generating result. java.lang.IllegalArgumentException: bound must be positive
2023-03-08 20:04:28,314 WARN o.a.j.e.BoundaryExtractor: Boundary Extractor challengerStepNumber: Error while generating result. java.lang.IllegalArgumentException: bound must be positive
2023-03-08 20:04:28,314 WARN o.a.j.e.BoundaryExtractor: Boundary Extractor commit: Error while generating result. java.lang.IllegalArgumentException: bound must be positive
2023-03-08 20:04:28,348 WARN o.a.j.e.BoundaryExtractor: Boundary Extractor challengerStepId: Error while generating result. java.lang.IllegalArgumentException: bound must be positive
2023-03-08 20:04:28,348 WARN o.a.j.e.BoundaryExtractor: Boundary Extractor challengerStepNumber: Error while generating result. java.lang.IllegalArgumentException: bound must be positive
2023-03-08 20:04:28,348 WARN o.a.j.e.BoundaryExtractor: Boundary Extractor commit: Error while generating result. java.lang.IllegalArgumentException: bound must be positive
2023-03-08 20:04:30,010 WARN o.a.j.e.BoundaryExtractor: Boundary Extractor challengerStepId: Error while generating result. java.lang.IllegalArgumentException: bound must be positive
2023-03-08 20:04:30,011 WARN o.a.j.e.BoundaryExtractor: Boundary Extractor challengerStepNumber: Error while generating result. java.lang.IllegalArgumentException: bound must be positive
2023-03-08 20:04:30,011 WARN o.a.j.e.BoundaryExtractor: Boundary Extractor commit: Error while generating result. java.lang.IllegalArgumentException: bound must be positive
2023-03-08 20:04:30,017 INFO o.a.j.r.Summariser: summary +     34 in 00:00:13 =    2.6/s Avg:   429 Min:   233 Max:  2122 Err:     0 (0.00%) Active: 5 Started: 5 Finished: 0
2023-03-08 20:04:30,133 WARN o.a.j.e.BoundaryExtractor: Boundary Extractor challengerStepId: Error while generating result. java.lang.IllegalArgumentException: bound must be positive
2023-03-08 20:04:30,133 WARN o.a.j.e.BoundaryExtractor: Boundary Extractor challengerStepNumber: Error while generating result. java.lang.IllegalArgumentException: bound must be positive
2023-03-08 20:04:30,133 WARN o.a.j.e.BoundaryExtractor: Boundary Extractor commit: Error while generating result. java.lang.IllegalArgumentException: bound must be positive
2023-03-08 20:04:30,175 WARN o.a.j.e.BoundaryExtractor: Boundary Extractor challengerStepId: Error while generating result. java.lang.IllegalArgumentException: bound must be positive
2023-03-08 20:04:30,176 WARN o.a.j.e.BoundaryExtractor: Boundary Extractor challengerStepNumber: Error while generating result. java.lang.IllegalArgumentException: bound must be positive
2023-03-08 20:04:30,176 WARN o.a.j.e.BoundaryExtractor: Boundary Extractor commit: Error while generating result. java.lang.IllegalArgumentException: bound must be positive
2023-03-08 20:04:31,952 WARN o.a.j.e.BoundaryExtractor: Boundary Extractor challengerStepId: Error while generating result. java.lang.IllegalArgumentException: bound must be positive
2023-03-08 20:04:31,954 WARN o.a.j.e.BoundaryExtractor: Boundary Extractor challengerStepNumber: Error while generating result. java.lang.IllegalArgumentException: bound must be positive
2023-03-08 20:04:31,954 WARN o.a.j.e.BoundaryExtractor: Boundary Extractor commit: Error while generating result. java.lang.IllegalArgumentException: bound must be positive
2023-03-08 20:04:32,059 WARN o.a.j.e.BoundaryExtractor: Boundary Extractor challengerStepId: Error while generating result. java.lang.IllegalArgumentException: bound must be positive
2023-03-08 20:04:32,060 WARN o.a.j.e.BoundaryExtractor: Boundary Extractor challengerStepNumber: Error while generating result. java.lang.IllegalArgumentException: bound must be positive
2023-03-08 20:04:32,060 WARN o.a.j.e.BoundaryExtractor: Boundary Extractor commit: Error while generating result. java.lang.IllegalArgumentException: bound must be positive
2023-03-08 20:04:34,035 WARN o.a.j.e.BoundaryExtractor: Boundary Extractor challengerStepId: Error while generating result. java.lang.IllegalArgumentException: bound must be positive
2023-03-08 20:04:34,038 WARN o.a.j.e.BoundaryExtractor: Boundary Extractor challengerStepNumber: Error while generating result. java.lang.IllegalArgumentException: bound must be positive
2023-03-08 20:04:34,038 WARN o.a.j.e.BoundaryExtractor: Boundary Extractor commit: Error while generating result. java.lang.IllegalArgumentException: bound must be positive
2023-03-08 20:04:34,178 WARN o.a.j.e.BoundaryExtractor: Boundary Extractor challengerStepId: Error while generating result. java.lang.IllegalArgumentException: bound must be positive
2023-03-08 20:04:34,178 WARN o.a.j.e.BoundaryExtractor: Boundary Extractor challengerStepNumber: Error while generating result. java.lang.IllegalArgumentException: bound must be positive
2023-03-08 20:04:34,179 WARN o.a.j.e.BoundaryExtractor: Boundary Extractor commit: Error while generating result. java.lang.IllegalArgumentException: bound must be positive
2023-03-08 20:04:34,275 WARN o.a.j.e.BoundaryExtractor: Boundary Extractor challengerStepId: Error while generating result. java.lang.IllegalArgumentException: bound must be positive
2023-03-08 20:04:34,275 WARN o.a.j.e.BoundaryExtractor: Boundary Extractor challengerStepNumber: Error while generating result. java.lang.IllegalArgumentException: bound must be positive
2023-03-08 20:04:34,275 WARN o.a.j.e.BoundaryExtractor: Boundary Extractor commit: Error while generating result. java.lang.IllegalArgumentException: bound must be positive
2023-03-08 20:04:36,019 WARN o.a.j.e.BoundaryExtractor: Boundary Extractor challengerStepId: Error while generating result. java.lang.IllegalArgumentException: bound must be positive
2023-03-08 20:04:36,019 WARN o.a.j.e.BoundaryExtractor: Boundary Extractor challengerStepNumber: Error while generating result. java.lang.IllegalArgumentException: bound must be positive
2023-03-08 20:04:36,020 WARN o.a.j.e.BoundaryExtractor: Boundary Extractor commit: Error while generating result. java.lang.IllegalArgumentException: bound must be positive
2023-03-08 20:04:36,135 WARN o.a.j.e.BoundaryExtractor: Boundary Extractor challengerStepId: Error while generating result. java.lang.IllegalArgumentException: bound must be positive
2023-03-08 20:04:36,137 WARN o.a.j.e.BoundaryExtractor: Boundary Extractor challengerStepNumber: Error while generating result. java.lang.IllegalArgumentException: bound must be positive
2023-03-08 20:04:36,137 WARN o.a.j.e.BoundaryExtractor: Boundary Extractor commit: Error while generating result. java.lang.IllegalArgumentException: bound must be positive
2023-03-08 20:04:36,143 WARN o.a.j.e.BoundaryExtractor: Boundary Extractor challengerStepId: Error while generating result. java.lang.IllegalArgumentException: bound must be positive
2023-03-08 20:04:36,144 WARN o.a.j.e.BoundaryExtractor: Boundary Extractor challengerStepNumber: Error while generating result. java.lang.IllegalArgumentException: bound must be positive
2023-03-08 20:04:36,144 WARN o.a.j.e.BoundaryExtractor: Boundary Extractor commit: Error while generating result. java.lang.IllegalArgumentException: bound must be positive
2023-03-08 20:04:37,786 WARN o.a.j.e.BoundaryExtractor: Boundary Extractor challengerStepId: Error while generating result. java.lang.IllegalArgumentException: bound must be positive
2023-03-08 20:04:37,786 WARN o.a.j.e.BoundaryExtractor: Boundary Extractor challengerStepNumber: Error while generating result. java.lang.IllegalArgumentException: bound must be positive
2023-03-08 20:04:37,786 WARN o.a.j.e.BoundaryExtractor: Boundary Extractor commit: Error while generating result. java.lang.IllegalArgumentException: bound must be positive
2023-03-08 20:04:37,919 WARN o.a.j.e.BoundaryExtractor: Boundary Extractor challengerStepId: Error while generating result. java.lang.IllegalArgumentException: bound must be positive
2023-03-08 20:04:37,919 WARN o.a.j.e.BoundaryExtractor: Boundary Extractor challengerStepNumber: Error while generating result. java.lang.IllegalArgumentException: bound must be positive
2023-03-08 20:04:37,920 WARN o.a.j.e.BoundaryExtractor: Boundary Extractor commit: Error while generating result. java.lang.IllegalArgumentException: bound must be positive
2023-03-08 20:04:38,001 WARN o.a.j.e.BoundaryExtractor: Boundary Extractor challengerStepId: Error while generating result. java.lang.IllegalArgumentException: bound must be positive
2023-03-08 20:04:38,001 WARN o.a.j.e.BoundaryExtractor: Boundary Extractor challengerStepNumber: Error while generating result. java.lang.IllegalArgumentException: bound must be positive
2023-03-08 20:04:38,002 WARN o.a.j.e.BoundaryExtractor: Boundary Extractor commit: Error while generating result. java.lang.IllegalArgumentException: bound must be positive
2023-03-08 20:04:38,136 WARN o.a.j.e.BoundaryExtractor: Boundary Extractor challengerStepId: Error while generating result. java.lang.IllegalArgumentException: bound must be positive
2023-03-08 20:04:38,137 WARN o.a.j.e.BoundaryExtractor: Boundary Extractor challengerStepNumber: Error while generating result. java.lang.IllegalArgumentException: bound must be positive
2023-03-08 20:04:38,138 WARN o.a.j.e.BoundaryExtractor: Boundary Extractor commit: Error while generating result. java.lang.IllegalArgumentException: bound must be positive
2023-03-08 20:04:39,709 WARN o.a.j.e.BoundaryExtractor: Boundary Extractor challengerStepId: Error while generating result. java.lang.IllegalArgumentException: bound must be positive
2023-03-08 20:04:39,710 WARN o.a.j.e.BoundaryExtractor: Boundary Extractor challengerStepNumber: Error while generating result. java.lang.IllegalArgumentException: bound must be positive
2023-03-08 20:04:39,710 WARN o.a.j.e.BoundaryExtractor: Boundary Extractor commit: Error while generating result. java.lang.IllegalArgumentException: bound must be positive
2023-03-08 20:04:39,710 WARN o.a.j.e.BoundaryExtractor: Boundary Extractor challengerStepId: Error while generating result. java.lang.IllegalArgumentException: bound must be positive
2023-03-08 20:04:39,710 WARN o.a.j.e.BoundaryExtractor: Boundary Extractor challengerStepNumber: Error while generating result. java.lang.IllegalArgumentException: bound must be positive
2023-03-08 20:04:39,710 WARN o.a.j.e.BoundaryExtractor: Boundary Extractor commit: Error while generating result. java.lang.IllegalArgumentException: bound must be positive
2023-03-08 20:04:39,992 WARN o.a.j.e.BoundaryExtractor: Boundary Extractor challengerStepId: Error while generating result. java.lang.IllegalArgumentException: bound must be positive
2023-03-08 20:04:39,994 WARN o.a.j.e.BoundaryExtractor: Boundary Extractor challengerStepNumber: Error while generating result. java.lang.IllegalArgumentException: bound must be positive
2023-03-08 20:04:39,995 WARN o.a.j.e.BoundaryExtractor: Boundary Extractor commit: Error while generating result. java.lang.IllegalArgumentException: bound must be positive
2023-03-08 20:04:40,008 WARN o.a.j.e.BoundaryExtractor: Boundary Extractor challengerStepId: Error while generating result. java.lang.IllegalArgumentException: bound must be positive
2023-03-08 20:04:40,008 WARN o.a.j.e.BoundaryExtractor: Boundary Extractor challengerStepNumber: Error while generating result. java.lang.IllegalArgumentException: bound must be positive
2023-03-08 20:04:40,008 WARN o.a.j.e.BoundaryExtractor: Boundary Extractor commit: Error while generating result. java.lang.IllegalArgumentException: bound must be positive
2023-03-08 20:04:40,051 WARN o.a.j.e.BoundaryExtractor: Boundary Extractor challengerStepId: Error while generating result. java.lang.IllegalArgumentException: bound must be positive
2023-03-08 20:04:40,053 WARN o.a.j.e.BoundaryExtractor: Boundary Extractor challengerStepNumber: Error while generating result. java.lang.IllegalArgumentException: bound must be positive
2023-03-08 20:04:40,053 WARN o.a.j.e.BoundaryExtractor: Boundary Extractor commit: Error while generating result. java.lang.IllegalArgumentException: bound must be positive
2023-03-08 20:04:41,596 WARN o.a.j.e.BoundaryExtractor: Boundary Extractor challengerStepId: Error while generating result. java.lang.IllegalArgumentException: bound must be positive
2023-03-08 20:04:41,597 WARN o.a.j.e.BoundaryExtractor: Boundary Extractor challengerStepNumber: Error while generating result. java.lang.IllegalArgumentException: bound must be positive
2023-03-08 20:04:41,597 WARN o.a.j.e.BoundaryExtractor: Boundary Extractor commit: Error while generating result. java.lang.IllegalArgumentException: bound must be positive
2023-03-08 20:04:41,678 WARN o.a.j.e.BoundaryExtractor: Boundary Extractor challengerStepId: Error while generating result. java.lang.IllegalArgumentException: bound must be positive
2023-03-08 20:04:41,680 WARN o.a.j.e.BoundaryExtractor: Boundary Extractor challengerStepNumber: Error while generating result. java.lang.IllegalArgumentException: bound must be positive
2023-03-08 20:04:41,682 WARN o.a.j.e.BoundaryExtractor: Boundary Extractor commit: Error while generating result. java.lang.IllegalArgumentException: bound must be positive
2023-03-08 20:04:41,830 WARN o.a.j.e.BoundaryExtractor: Boundary Extractor challengerStepId: Error while generating result. java.lang.IllegalArgumentException: bound must be positive
2023-03-08 20:04:41,831 WARN o.a.j.e.BoundaryExtractor: Boundary Extractor challengerStepNumber: Error while generating result. java.lang.IllegalArgumentException: bound must be positive
2023-03-08 20:04:41,831 WARN o.a.j.e.BoundaryExtractor: Boundary Extractor commit: Error while generating result. java.lang.IllegalArgumentException: bound must be positive
2023-03-08 20:04:43,551 WARN o.a.j.e.BoundaryExtractor: Boundary Extractor challengerStepId: Error while generating result. java.lang.IllegalArgumentException: bound must be positive
2023-03-08 20:04:43,551 WARN o.a.j.e.BoundaryExtractor: Boundary Extractor challengerStepNumber: Error while generating result. java.lang.IllegalArgumentException: bound must be positive
2023-03-08 20:04:43,551 WARN o.a.j.e.BoundaryExtractor: Boundary Extractor commit: Error while generating result. java.lang.IllegalArgumentException: bound must be positive
2023-03-08 20:04:43,605 WARN o.a.j.e.BoundaryExtractor: Boundary Extractor challengerStepId: Error while generating result. java.lang.IllegalArgumentException: bound must be positive
2023-03-08 20:04:43,606 WARN o.a.j.e.BoundaryExtractor: Boundary Extractor challengerStepNumber: Error while generating result. java.lang.IllegalArgumentException: bound must be positive
2023-03-08 20:04:43,606 WARN o.a.j.e.BoundaryExtractor: Boundary Extractor commit: Error while generating result. java.lang.IllegalArgumentException: bound must be positive
2023-03-08 20:04:45,476 WARN o.a.j.e.BoundaryExtractor: Boundary Extractor challengerStepId: Error while generating result. java.lang.IllegalArgumentException: bound must be positive
2023-03-08 20:04:45,476 WARN o.a.j.e.BoundaryExtractor: Boundary Extractor challengerStepNumber: Error while generating result. java.lang.IllegalArgumentException: bound must be positive
2023-03-08 20:04:45,476 WARN o.a.j.e.BoundaryExtractor: Boundary Extractor commit: Error while generating result. java.lang.IllegalArgumentException: bound must be positive
2023-03-08 20:04:45,706 WARN o.a.j.e.BoundaryExtractor: Boundary Extractor challengerStepId: Error while generating result. java.lang.IllegalArgumentException: bound must be positive
2023-03-08 20:04:45,707 WARN o.a.j.e.BoundaryExtractor: Boundary Extractor challengerStepNumber: Error while generating result. java.lang.IllegalArgumentException: bound must be positive
2023-03-08 20:04:45,707 WARN o.a.j.e.BoundaryExtractor: Boundary Extractor commit: Error while generating result. java.lang.IllegalArgumentException: bound must be positive
2023-03-08 20:04:45,741 WARN o.a.j.e.BoundaryExtractor: Boundary Extractor challengerStepId: Error while generating result. java.lang.IllegalArgumentException: bound must be positive
2023-03-08 20:04:45,742 WARN o.a.j.e.BoundaryExtractor: Boundary Extractor challengerStepNumber: Error while generating result. java.lang.IllegalArgumentException: bound must be positive
2023-03-08 20:04:45,742 WARN o.a.j.e.BoundaryExtractor: Boundary Extractor commit: Error while generating result. java.lang.IllegalArgumentException: bound must be positive
2023-03-08 20:04:47,544 WARN o.a.j.e.BoundaryExtractor: Boundary Extractor challengerStepId: Error while generating result. java.lang.IllegalArgumentException: bound must be positive
2023-03-08 20:04:47,545 WARN o.a.j.e.BoundaryExtractor: Boundary Extractor challengerStepNumber: Error while generating result. java.lang.IllegalArgumentException: bound must be positive
2023-03-08 20:04:47,545 WARN o.a.j.e.BoundaryExtractor: Boundary Extractor commit: Error while generating result. java.lang.IllegalArgumentException: bound must be positive
2023-03-08 20:04:47,620 WARN o.a.j.e.BoundaryExtractor: Boundary Extractor challengerStepId: Error while generating result. java.lang.IllegalArgumentException: bound must be positive
2023-03-08 20:04:47,621 WARN o.a.j.e.BoundaryExtractor: Boundary Extractor challengerStepNumber: Error while generating result. java.lang.IllegalArgumentException: bound must be positive
2023-03-08 20:04:47,621 WARN o.a.j.e.BoundaryExtractor: Boundary Extractor commit: Error while generating result. java.lang.IllegalArgumentException: bound must be positive
2023-03-08 20:04:47,625 WARN o.a.j.e.BoundaryExtractor: Boundary Extractor challengerStepId: Error while generating result. java.lang.IllegalArgumentException: bound must be positive
2023-03-08 20:04:47,625 WARN o.a.j.e.BoundaryExtractor: Boundary Extractor challengerStepNumber: Error while generating result. java.lang.IllegalArgumentException: bound must be positive
2023-03-08 20:04:47,625 WARN o.a.j.e.BoundaryExtractor: Boundary Extractor commit: Error while generating result. java.lang.IllegalArgumentException: bound must be positive
2023-03-08 20:04:49,388 WARN o.a.j.e.BoundaryExtractor: Boundary Extractor challengerStepId: Error while generating result. java.lang.IllegalArgumentException: bound must be positive
2023-03-08 20:04:49,388 WARN o.a.j.e.BoundaryExtractor: Boundary Extractor challengerStepId: Error while generating result. java.lang.IllegalArgumentException: bound must be positive
2023-03-08 20:04:49,388 WARN o.a.j.e.BoundaryExtractor: Boundary Extractor challengerStepNumber: Error while generating result. java.lang.IllegalArgumentException: bound must be positive
2023-03-08 20:04:49,388 WARN o.a.j.e.BoundaryExtractor: Boundary Extractor commit: Error while generating result. java.lang.IllegalArgumentException: bound must be positive
2023-03-08 20:04:49,388 WARN o.a.j.e.BoundaryExtractor: Boundary Extractor challengerStepNumber: Error while generating result. java.lang.IllegalArgumentException: bound must be positive
2023-03-08 20:04:49,388 WARN o.a.j.e.BoundaryExtractor: Boundary Extractor commit: Error while generating result. java.lang.IllegalArgumentException: bound must be positive
2023-03-08 20:04:49,519 WARN o.a.j.e.BoundaryExtractor: Boundary Extractor challengerStepId: Error while generating result. java.lang.IllegalArgumentException: bound must be positive
2023-03-08 20:04:49,519 WARN o.a.j.e.BoundaryExtractor: Boundary Extractor challengerStepNumber: Error while generating result. java.lang.IllegalArgumentException: bound must be positive
2023-03-08 20:04:49,520 WARN o.a.j.e.BoundaryExtractor: Boundary Extractor commit: Error while generating result. java.lang.IllegalArgumentException: bound must be positive
2023-03-08 20:04:49,552 WARN o.a.j.e.BoundaryExtractor: Boundary Extractor challengerStepId: Error while generating result. java.lang.IllegalArgumentException: bound must be positive
2023-03-08 20:04:49,552 WARN o.a.j.e.BoundaryExtractor: Boundary Extractor challengerStepNumber: Error while generating result. java.lang.IllegalArgumentException: bound must be positive
2023-03-08 20:04:49,552 WARN o.a.j.e.BoundaryExtractor: Boundary Extractor commit: Error while generating result. java.lang.IllegalArgumentException: bound must be positive
2023-03-08 20:04:51,050 WARN o.a.j.e.BoundaryExtractor: Boundary Extractor challengerStepId: Error while generating result. java.lang.IllegalArgumentException: bound must be positive
2023-03-08 20:04:51,051 WARN o.a.j.e.BoundaryExtractor: Boundary Extractor challengerStepNumber: Error while generating result. java.lang.IllegalArgumentException: bound must be positive
2023-03-08 20:04:51,051 WARN o.a.j.e.BoundaryExtractor: Boundary Extractor commit: Error while generating result. java.lang.IllegalArgumentException: bound must be positive
2023-03-08 20:04:51,281 WARN o.a.j.e.BoundaryExtractor: Boundary Extractor challengerStepId: Error while generating result. java.lang.IllegalArgumentException: bound must be positive
2023-03-08 20:04:51,282 WARN o.a.j.e.BoundaryExtractor: Boundary Extractor challengerStepNumber: Error while generating result. java.lang.IllegalArgumentException: bound must be positive
2023-03-08 20:04:51,282 WARN o.a.j.e.BoundaryExtractor: Boundary Extractor commit: Error while generating result. java.lang.IllegalArgumentException: bound must be positive
2023-03-08 20:04:51,363 WARN o.a.j.e.BoundaryExtractor: Boundary Extractor challengerStepId: Error while generating result. java.lang.IllegalArgumentException: bound must be positive
2023-03-08 20:04:51,365 WARN o.a.j.e.BoundaryExtractor: Boundary Extractor challengerStepNumber: Error while generating result. java.lang.IllegalArgumentException: bound must be positive
2023-03-08 20:04:51,368 WARN o.a.j.e.BoundaryExtractor: Boundary Extractor commit: Error while generating result. java.lang.IllegalArgumentException: bound must be positive
2023-03-08 20:04:51,407 WARN o.a.j.e.BoundaryExtractor: Boundary Extractor challengerStepId: Error while generating result. java.lang.IllegalArgumentException: bound must be positive
2023-03-08 20:04:51,408 WARN o.a.j.e.BoundaryExtractor: Boundary Extractor challengerStepNumber: Error while generating result. java.lang.IllegalArgumentException: bound must be positive
2023-03-08 20:04:51,408 WARN o.a.j.e.BoundaryExtractor: Boundary Extractor commit: Error while generating result. java.lang.IllegalArgumentException: bound must be positive
2023-03-08 20:04:51,516 WARN o.a.j.e.BoundaryExtractor: Boundary Extractor challengerStepId: Error while generating result. java.lang.IllegalArgumentException: bound must be positive
2023-03-08 20:04:51,519 WARN o.a.j.e.BoundaryExtractor: Boundary Extractor challengerStepNumber: Error while generating result. java.lang.IllegalArgumentException: bound must be positive
2023-03-08 20:04:51,520 WARN o.a.j.e.BoundaryExtractor: Boundary Extractor commit: Error while generating result. java.lang.IllegalArgumentException: bound must be positive
2023-03-08 20:04:53,017 WARN o.a.j.e.BoundaryExtractor: Boundary Extractor challengerStepId: Error while generating result. java.lang.IllegalArgumentException: bound must be positive
2023-03-08 20:04:53,018 WARN o.a.j.e.BoundaryExtractor: Boundary Extractor challengerStepNumber: Error while generating result. java.lang.IllegalArgumentException: bound must be positive
2023-03-08 20:04:53,018 WARN o.a.j.e.BoundaryExtractor: Boundary Extractor commit: Error while generating result. java.lang.IllegalArgumentException: bound must be positive
2023-03-08 20:04:53,204 WARN o.a.j.e.BoundaryExtractor: Boundary Extractor challengerStepId: Error while generating result. java.lang.IllegalArgumentException: bound must be positive
2023-03-08 20:04:53,204 WARN o.a.j.e.BoundaryExtractor: Boundary Extractor challengerStepId: Error while generating result. java.lang.IllegalArgumentException: bound must be positive
2023-03-08 20:04:53,212 WARN o.a.j.e.BoundaryExtractor: Boundary Extractor challengerStepNumber: Error while generating result. java.lang.IllegalArgumentException: bound must be positive
2023-03-08 20:04:53,212 WARN o.a.j.e.BoundaryExtractor: Boundary Extractor challengerStepNumber: Error while generating result. java.lang.IllegalArgumentException: bound must be positive
2023-03-08 20:04:53,213 WARN o.a.j.e.BoundaryExtractor: Boundary Extractor commit: Error while generating result. java.lang.IllegalArgumentException: bound must be positive
2023-03-08 20:04:53,213 WARN o.a.j.e.BoundaryExtractor: Boundary Extractor commit: Error while generating result. java.lang.IllegalArgumentException: bound must be positive
2023-03-08 20:04:54,913 WARN o.a.j.e.BoundaryExtractor: Boundary Extractor challengerStepId: Error while generating result. java.lang.IllegalArgumentException: bound must be positive
2023-03-08 20:04:54,914 WARN o.a.j.e.BoundaryExtractor: Boundary Extractor challengerStepNumber: Error while generating result. java.lang.IllegalArgumentException: bound must be positive
2023-03-08 20:04:54,915 WARN o.a.j.e.BoundaryExtractor: Boundary Extractor commit: Error while generating result. java.lang.IllegalArgumentException: bound must be positive
2023-03-08 20:04:55,113 WARN o.a.j.e.BoundaryExtractor: Boundary Extractor challengerStepId: Error while generating result. java.lang.IllegalArgumentException: bound must be positive
2023-03-08 20:04:55,114 WARN o.a.j.e.BoundaryExtractor: Boundary Extractor challengerStepNumber: Error while generating result. java.lang.IllegalArgumentException: bound must be positive
2023-03-08 20:04:55,114 WARN o.a.j.e.BoundaryExtractor: Boundary Extractor commit: Error while generating result. java.lang.IllegalArgumentException: bound must be positive
2023-03-08 20:04:56,744 WARN o.a.j.e.BoundaryExtractor: Boundary Extractor challengerStepId: Error while generating result. java.lang.IllegalArgumentException: bound must be positive
2023-03-08 20:04:56,745 WARN o.a.j.e.BoundaryExtractor: Boundary Extractor challengerStepNumber: Error while generating result. java.lang.IllegalArgumentException: bound must be positive
2023-03-08 20:04:56,745 WARN o.a.j.e.BoundaryExtractor: Boundary Extractor commit: Error while generating result. java.lang.IllegalArgumentException: bound must be positive
2023-03-08 20:04:57,062 WARN o.a.j.e.BoundaryExtractor: Boundary Extractor challengerStepId: Error while generating result. java.lang.IllegalArgumentException: bound must be positive
2023-03-08 20:04:57,062 WARN o.a.j.e.BoundaryExtractor: Boundary Extractor challengerStepNumber: Error while generating result. java.lang.IllegalArgumentException: bound must be positive
2023-03-08 20:04:57,062 WARN o.a.j.e.BoundaryExtractor: Boundary Extractor commit: Error while generating result. java.lang.IllegalArgumentException: bound must be positive
2023-03-08 20:04:57,160 WARN o.a.j.e.BoundaryExtractor: Boundary Extractor challengerStepId: Error while generating result. java.lang.IllegalArgumentException: bound must be positive
2023-03-08 20:04:57,161 WARN o.a.j.e.BoundaryExtractor: Boundary Extractor challengerStepNumber: Error while generating result. java.lang.IllegalArgumentException: bound must be positive
2023-03-08 20:04:57,161 WARN o.a.j.e.BoundaryExtractor: Boundary Extractor commit: Error while generating result. java.lang.IllegalArgumentException: bound must be positive
2023-03-08 20:04:58,908 WARN o.a.j.e.BoundaryExtractor: Boundary Extractor challengerStepId: Error while generating result. java.lang.IllegalArgumentException: bound must be positive
2023-03-08 20:04:58,909 WARN o.a.j.e.BoundaryExtractor: Boundary Extractor challengerStepNumber: Error while generating result. java.lang.IllegalArgumentException: bound must be positive
2023-03-08 20:04:58,909 WARN o.a.j.e.BoundaryExtractor: Boundary Extractor commit: Error while generating result. java.lang.IllegalArgumentException: bound must be positive
2023-03-08 20:04:59,046 WARN o.a.j.e.BoundaryExtractor: Boundary Extractor challengerStepId: Error while generating result. java.lang.IllegalArgumentException: bound must be positive
2023-03-08 20:04:59,046 WARN o.a.j.e.BoundaryExtractor: Boundary Extractor challengerStepNumber: Error while generating result. java.lang.IllegalArgumentException: bound must be positive
2023-03-08 20:04:59,046 WARN o.a.j.e.BoundaryExtractor: Boundary Extractor commit: Error while generating result. java.lang.IllegalArgumentException: bound must be positive
2023-03-08 20:04:59,050 WARN o.a.j.e.BoundaryExtractor: Boundary Extractor challengerStepId: Error while generating result. java.lang.IllegalArgumentException: bound must be positive
2023-03-08 20:04:59,050 WARN o.a.j.e.BoundaryExtractor: Boundary Extractor challengerStepNumber: Error while generating result. java.lang.IllegalArgumentException: bound must be positive
2023-03-08 20:04:59,051 WARN o.a.j.e.BoundaryExtractor: Boundary Extractor commit: Error while generating result. java.lang.IllegalArgumentException: bound must be positive
2023-03-08 20:05:00,530 INFO o.a.j.r.Summariser: summary +    156 in 00:00:31 =    5.1/s Avg:   248 Min:   230 Max:   379 Err:     0 (0.00%) Active: 5 Started: 5 Finished: 0
2023-03-08 20:05:00,531 INFO o.a.j.r.Summariser: summary =    190 in 00:00:43 =    4.4/s Avg:   280 Min:   230 Max:  2122 Err:     0 (0.00%)
2023-03-08 20:05:00,772 WARN o.a.j.e.BoundaryExtractor: Boundary Extractor challengerStepId: Error while generating result. java.lang.IllegalArgumentException: bound must be positive
2023-03-08 20:05:00,772 WARN o.a.j.e.BoundaryExtractor: Boundary Extractor challengerStepNumber: Error while generating result. java.lang.IllegalArgumentException: bound must be positive
2023-03-08 20:05:00,772 WARN o.a.j.e.BoundaryExtractor: Boundary Extractor commit: Error while generating result. java.lang.IllegalArgumentException: bound must be positive
2023-03-08 20:05:00,807 WARN o.a.j.e.BoundaryExtractor: Boundary Extractor challengerStepId: Error while generating result. java.lang.IllegalArgumentException: bound must be positive
2023-03-08 20:05:00,807 WARN o.a.j.e.BoundaryExtractor: Boundary Extractor challengerStepNumber: Error while generating result. java.lang.IllegalArgumentException: bound must be positive
2023-03-08 20:05:00,807 WARN o.a.j.e.BoundaryExtractor: Boundary Extractor commit: Error while generating result. java.lang.IllegalArgumentException: bound must be positive
2023-03-08 20:05:00,877 WARN o.a.j.e.BoundaryExtractor: Boundary Extractor challengerStepId: Error while generating result. java.lang.IllegalArgumentException: bound must be positive
2023-03-08 20:05:00,877 WARN o.a.j.e.BoundaryExtractor: Boundary Extractor challengerStepNumber: Error while generating result. java.lang.IllegalArgumentException: bound must be positive
2023-03-08 20:05:00,877 WARN o.a.j.e.BoundaryExtractor: Boundary Extractor commit: Error while generating result. java.lang.IllegalArgumentException: bound must be positive
2023-03-08 20:05:01,018 WARN o.a.j.e.BoundaryExtractor: Boundary Extractor challengerStepId: Error while generating result. java.lang.IllegalArgumentException: bound must be positive
2023-03-08 20:05:01,018 WARN o.a.j.e.BoundaryExtractor: Boundary Extractor challengerStepNumber: Error while generating result. java.lang.IllegalArgumentException: bound must be positive
2023-03-08 20:05:01,019 WARN o.a.j.e.BoundaryExtractor: Boundary Extractor commit: Error while generating result. java.lang.IllegalArgumentException: bound must be positive
2023-03-08 20:05:02,482 WARN o.a.j.e.BoundaryExtractor: Boundary Extractor challengerStepId: Error while generating result. java.lang.IllegalArgumentException: bound must be positive
2023-03-08 20:05:02,482 WARN o.a.j.e.BoundaryExtractor: Boundary Extractor challengerStepNumber: Error while generating result. java.lang.IllegalArgumentException: bound must be positive
2023-03-08 20:05:02,482 WARN o.a.j.e.BoundaryExtractor: Boundary Extractor commit: Error while generating result. java.lang.IllegalArgumentException: bound must be positive
2023-03-08 20:05:02,748 WARN o.a.j.e.BoundaryExtractor: Boundary Extractor challengerStepId: Error while generating result. java.lang.IllegalArgumentException: bound must be positive
2023-03-08 20:05:02,748 WARN o.a.j.e.BoundaryExtractor: Boundary Extractor challengerStepNumber: Error while generating result. java.lang.IllegalArgumentException: bound must be positive
2023-03-08 20:05:02,748 WARN o.a.j.e.BoundaryExtractor: Boundary Extractor commit: Error while generating result. java.lang.IllegalArgumentException: bound must be positive
2023-03-08 20:05:02,762 WARN o.a.j.e.BoundaryExtractor: Boundary Extractor challengerStepId: Error while generating result. java.lang.IllegalArgumentException: bound must be positive
2023-03-08 20:05:02,763 WARN o.a.j.e.BoundaryExtractor: Boundary Extractor challengerStepNumber: Error while generating result. java.lang.IllegalArgumentException: bound must be positive
2023-03-08 20:05:02,763 WARN o.a.j.e.BoundaryExtractor: Boundary Extractor commit: Error while generating result. java.lang.IllegalArgumentException: bound must be positive
2023-03-08 20:05:02,793 WARN o.a.j.e.BoundaryExtractor: Boundary Extractor challengerStepId: Error while generating result. java.lang.IllegalArgumentException: bound must be positive
2023-03-08 20:05:02,795 WARN o.a.j.e.BoundaryExtractor: Boundary Extractor challengerStepNumber: Error while generating result. java.lang.IllegalArgumentException: bound must be positive
2023-03-08 20:05:02,796 WARN o.a.j.e.BoundaryExtractor: Boundary Extractor commit: Error while generating result. java.lang.IllegalArgumentException: bound must be positive
2023-03-08 20:05:02,851 WARN o.a.j.e.BoundaryExtractor: Boundary Extractor challengerStepId: Error while generating result. java.lang.IllegalArgumentException: bound must be positive
2023-03-08 20:05:02,851 WARN o.a.j.e.BoundaryExtractor: Boundary Extractor challengerStepNumber: Error while generating result. java.lang.IllegalArgumentException: bound must be positive
2023-03-08 20:05:02,852 WARN o.a.j.e.BoundaryExtractor: Boundary Extractor commit: Error while generating result. java.lang.IllegalArgumentException: bound must be positive
2023-03-08 20:05:04,446 WARN o.a.j.e.BoundaryExtractor: Boundary Extractor challengerStepId: Error while generating result. java.lang.IllegalArgumentException: bound must be positive
2023-03-08 20:05:04,448 WARN o.a.j.e.BoundaryExtractor: Boundary Extractor challengerStepNumber: Error while generating result. java.lang.IllegalArgumentException: bound must be positive
2023-03-08 20:05:04,449 WARN o.a.j.e.BoundaryExtractor: Boundary Extractor commit: Error while generating result. java.lang.IllegalArgumentException: bound must be positive
2023-03-08 20:05:04,749 WARN o.a.j.e.BoundaryExtractor: Boundary Extractor challengerStepId: Error while generating result. java.lang.IllegalArgumentException: bound must be positive
2023-03-08 20:05:04,749 WARN o.a.j.e.BoundaryExtractor: Boundary Extractor challengerStepId: Error while generating result. java.lang.IllegalArgumentException: bound must be positive
2023-03-08 20:05:04,750 WARN o.a.j.e.BoundaryExtractor: Boundary Extractor challengerStepNumber: Error while generating result. java.lang.IllegalArgumentException: bound must be positive
2023-03-08 20:05:04,750 WARN o.a.j.e.BoundaryExtractor: Boundary Extractor challengerStepNumber: Error while generating result. java.lang.IllegalArgumentException: bound must be positive
2023-03-08 20:05:04,750 WARN o.a.j.e.BoundaryExtractor: Boundary Extractor commit: Error while generating result. java.lang.IllegalArgumentException: bound must be positive
2023-03-08 20:05:04,750 WARN o.a.j.e.BoundaryExtractor: Boundary Extractor commit: Error while generating result. java.lang.IllegalArgumentException: bound must be positive
2023-03-08 20:05:06,396 WARN o.a.j.e.BoundaryExtractor: Boundary Extractor challengerStepId: Error while generating result. java.lang.IllegalArgumentException: bound must be positive
2023-03-08 20:05:06,397 WARN o.a.j.e.BoundaryExtractor: Boundary Extractor challengerStepNumber: Error while generating result. java.lang.IllegalArgumentException: bound must be positive
2023-03-08 20:05:06,398 WARN o.a.j.e.BoundaryExtractor: Boundary Extractor commit: Error while generating result. java.lang.IllegalArgumentException: bound must be positive
2023-03-08 20:05:06,665 WARN o.a.j.e.BoundaryExtractor: Boundary Extractor challengerStepId: Error while generating result. java.lang.IllegalArgumentException: bound must be positive
2023-03-08 20:05:06,666 WARN o.a.j.e.BoundaryExtractor: Boundary Extractor challengerStepNumber: Error while generating result. java.lang.IllegalArgumentException: bound must be positive
2023-03-08 20:05:06,666 WARN o.a.j.e.BoundaryExtractor: Boundary Extractor commit: Error while generating result. java.lang.IllegalArgumentException: bound must be positive
2023-03-08 20:05:08,234 WARN o.a.j.e.BoundaryExtractor: Boundary Extractor challengerStepId: Error while generating result. java.lang.IllegalArgumentException: bound must be positive
2023-03-08 20:05:08,235 WARN o.a.j.e.BoundaryExtractor: Boundary Extractor challengerStepNumber: Error while generating result. java.lang.IllegalArgumentException: bound must be positive
2023-03-08 20:05:08,236 WARN o.a.j.e.BoundaryExtractor: Boundary Extractor commit: Error while generating result. java.lang.IllegalArgumentException: bound must be positive
2023-03-08 20:05:08,695 WARN o.a.j.e.BoundaryExtractor: Boundary Extractor challengerStepId: Error while generating result. java.lang.IllegalArgumentException: bound must be positive
2023-03-08 20:05:08,697 WARN o.a.j.e.BoundaryExtractor: Boundary Extractor challengerStepNumber: Error while generating result. java.lang.IllegalArgumentException: bound must be positive
2023-03-08 20:05:08,698 WARN o.a.j.e.BoundaryExtractor: Boundary Extractor commit: Error while generating result. java.lang.IllegalArgumentException: bound must be positive
2023-03-08 20:05:08,754 WARN o.a.j.e.BoundaryExtractor: Boundary Extractor challengerStepId: Error while generating result. java.lang.IllegalArgumentException: bound must be positive
2023-03-08 20:05:08,755 WARN o.a.j.e.BoundaryExtractor: Boundary Extractor challengerStepNumber: Error while generating result. java.lang.IllegalArgumentException: bound must be positive
2023-03-08 20:05:08,755 WARN o.a.j.e.BoundaryExtractor: Boundary Extractor commit: Error while generating result. java.lang.IllegalArgumentException: bound must be positive
2023-03-08 20:05:10,719 WARN o.a.j.e.BoundaryExtractor: Boundary Extractor challengerStepId: Error while generating result. java.lang.IllegalArgumentException: bound must be positive
2023-03-08 20:05:10,719 WARN o.a.j.e.BoundaryExtractor: Boundary Extractor challengerStepId: Error while generating result. java.lang.IllegalArgumentException: bound must be positive
2023-03-08 20:05:10,719 WARN o.a.j.e.BoundaryExtractor: Boundary Extractor challengerStepId: Error while generating result. java.lang.IllegalArgumentException: bound must be positive
2023-03-08 20:05:10,731 WARN o.a.j.e.BoundaryExtractor: Boundary Extractor challengerStepNumber: Error while generating result. java.lang.IllegalArgumentException: bound must be positive
2023-03-08 20:05:10,731 WARN o.a.j.e.BoundaryExtractor: Boundary Extractor challengerStepNumber: Error while generating result. java.lang.IllegalArgumentException: bound must be positive
2023-03-08 20:05:10,732 WARN o.a.j.e.BoundaryExtractor: Boundary Extractor challengerStepNumber: Error while generating result. java.lang.IllegalArgumentException: bound must be positive
2023-03-08 20:05:10,733 WARN o.a.j.e.BoundaryExtractor: Boundary Extractor commit: Error while generating result. java.lang.IllegalArgumentException: bound must be positive
2023-03-08 20:05:10,733 WARN o.a.j.e.BoundaryExtractor: Boundary Extractor commit: Error while generating result. java.lang.IllegalArgumentException: bound must be positive
2023-03-08 20:05:10,733 WARN o.a.j.e.BoundaryExtractor: Boundary Extractor commit: Error while generating result. java.lang.IllegalArgumentException: bound must be positive
2023-03-08 20:05:12,505 WARN o.a.j.e.BoundaryExtractor: Boundary Extractor challengerStepId: Error while generating result. java.lang.IllegalArgumentException: bound must be positive
2023-03-08 20:05:12,505 WARN o.a.j.e.BoundaryExtractor: Boundary Extractor challengerStepNumber: Error while generating result. java.lang.IllegalArgumentException: bound must be positive
2023-03-08 20:05:12,505 WARN o.a.j.e.BoundaryExtractor: Boundary Extractor commit: Error while generating result. java.lang.IllegalArgumentException: bound must be positive
2023-03-08 20:05:12,686 WARN o.a.j.e.BoundaryExtractor: Boundary Extractor challengerStepId: Error while generating result. java.lang.IllegalArgumentException: bound must be positive
2023-03-08 20:05:12,687 WARN o.a.j.e.BoundaryExtractor: Boundary Extractor challengerStepNumber: Error while generating result. java.lang.IllegalArgumentException: bound must be positive
2023-03-08 20:05:12,687 WARN o.a.j.e.BoundaryExtractor: Boundary Extractor commit: Error while generating result. java.lang.IllegalArgumentException: bound must be positive
2023-03-08 20:05:12,742 WARN o.a.j.e.BoundaryExtractor: Boundary Extractor challengerStepId: Error while generating result. java.lang.IllegalArgumentException: bound must be positive
2023-03-08 20:05:12,743 WARN o.a.j.e.BoundaryExtractor: Boundary Extractor challengerStepNumber: Error while generating result. java.lang.IllegalArgumentException: bound must be positive
2023-03-08 20:05:12,743 WARN o.a.j.e.BoundaryExtractor: Boundary Extractor commit: Error while generating result. java.lang.IllegalArgumentException: bound must be positive
2023-03-08 20:05:12,761 WARN o.a.j.e.BoundaryExtractor: Boundary Extractor challengerStepId: Error while generating result. java.lang.IllegalArgumentException: bound must be positive
2023-03-08 20:05:12,762 WARN o.a.j.e.BoundaryExtractor: Boundary Extractor challengerStepNumber: Error while generating result. java.lang.IllegalArgumentException: bound must be positive
2023-03-08 20:05:12,762 WARN o.a.j.e.BoundaryExtractor: Boundary Extractor commit: Error while generating result. java.lang.IllegalArgumentException: bound must be positive
2023-03-08 20:05:14,103 WARN o.a.j.e.BoundaryExtractor: Boundary Extractor challengerStepId: Error while generating result. java.lang.IllegalArgumentException: bound must be positive
2023-03-08 20:05:14,103 WARN o.a.j.e.BoundaryExtractor: Boundary Extractor challengerStepNumber: Error while generating result. java.lang.IllegalArgumentException: bound must be positive
2023-03-08 20:05:14,103 WARN o.a.j.e.BoundaryExtractor: Boundary Extractor commit: Error while generating result. java.lang.IllegalArgumentException: bound must be positive
2023-03-08 20:05:14,309 WARN o.a.j.e.BoundaryExtractor: Boundary Extractor challengerStepId: Error while generating result. java.lang.IllegalArgumentException: bound must be positive
2023-03-08 20:05:14,309 WARN o.a.j.e.BoundaryExtractor: Boundary Extractor challengerStepNumber: Error while generating result. java.lang.IllegalArgumentException: bound must be positive
2023-03-08 20:05:14,309 WARN o.a.j.e.BoundaryExtractor: Boundary Extractor commit: Error while generating result. java.lang.IllegalArgumentException: bound must be positive
2023-03-08 20:05:14,583 WARN o.a.j.e.BoundaryExtractor: Boundary Extractor challengerStepId: Error while generating result. java.lang.IllegalArgumentException: bound must be positive
2023-03-08 20:05:14,583 WARN o.a.j.e.BoundaryExtractor: Boundary Extractor challengerStepId: Error while generating result. java.lang.IllegalArgumentException: bound must be positive
2023-03-08 20:05:14,584 WARN o.a.j.e.BoundaryExtractor: Boundary Extractor challengerStepNumber: Error while generating result. java.lang.IllegalArgumentException: bound must be positive
2023-03-08 20:05:14,584 WARN o.a.j.e.BoundaryExtractor: Boundary Extractor challengerStepNumber: Error while generating result. java.lang.IllegalArgumentException: bound must be positive
2023-03-08 20:05:14,584 WARN o.a.j.e.BoundaryExtractor: Boundary Extractor commit: Error while generating result. java.lang.IllegalArgumentException: bound must be positive
2023-03-08 20:05:14,584 WARN o.a.j.e.BoundaryExtractor: Boundary Extractor commit: Error while generating result. java.lang.IllegalArgumentException: bound must be positive
2023-03-08 20:05:14,661 WARN o.a.j.e.BoundaryExtractor: Boundary Extractor challengerStepId: Error while generating result. java.lang.IllegalArgumentException: bound must be positive
2023-03-08 20:05:14,664 WARN o.a.j.e.BoundaryExtractor: Boundary Extractor challengerStepNumber: Error while generating result. java.lang.IllegalArgumentException: bound must be positive
2023-03-08 20:05:14,665 WARN o.a.j.e.BoundaryExtractor: Boundary Extractor commit: Error while generating result. java.lang.IllegalArgumentException: bound must be positive
2023-03-08 20:05:16,082 WARN o.a.j.e.BoundaryExtractor: Boundary Extractor challengerStepId: Error while generating result. java.lang.IllegalArgumentException: bound must be positive
2023-03-08 20:05:16,084 WARN o.a.j.e.BoundaryExtractor: Boundary Extractor challengerStepNumber: Error while generating result. java.lang.IllegalArgumentException: bound must be positive
2023-03-08 20:05:16,084 WARN o.a.j.e.BoundaryExtractor: Boundary Extractor commit: Error while generating result. java.lang.IllegalArgumentException: bound must be positive
2023-03-08 20:05:16,087 INFO o.a.j.t.JMeterThread: Thread finished: Thread Group 1-5
2023-03-08 20:05:16,231 WARN o.a.j.e.BoundaryExtractor: Boundary Extractor challengerStepId: Error while generating result. java.lang.IllegalArgumentException: bound must be positive
2023-03-08 20:05:16,233 WARN o.a.j.e.BoundaryExtractor: Boundary Extractor challengerStepNumber: Error while generating result. java.lang.IllegalArgumentException: bound must be positive
2023-03-08 20:05:16,233 WARN o.a.j.e.BoundaryExtractor: Boundary Extractor commit: Error while generating result. java.lang.IllegalArgumentException: bound must be positive
2023-03-08 20:05:16,238 INFO o.a.j.t.JMeterThread: Thread finished: Thread Group 1-4
2023-03-08 20:05:16,518 WARN o.a.j.e.BoundaryExtractor: Boundary Extractor challengerStepId: Error while generating result. java.lang.IllegalArgumentException: bound must be positive
2023-03-08 20:05:16,518 WARN o.a.j.e.BoundaryExtractor: Boundary Extractor challengerStepNumber: Error while generating result. java.lang.IllegalArgumentException: bound must be positive
2023-03-08 20:05:16,518 WARN o.a.j.e.BoundaryExtractor: Boundary Extractor commit: Error while generating result. java.lang.IllegalArgumentException: bound must be positive
2023-03-08 20:05:16,713 INFO o.a.j.t.JMeterThread: Thread finished: Thread Group 1-1
2023-03-08 20:05:16,767 INFO o.a.j.t.JMeterThread: Thread finished: Thread Group 1-3
2023-03-08 20:05:16,877 INFO o.a.j.t.JMeterThread: Thread finished: Thread Group 1-2
2023-03-08 20:05:16,878 INFO o.a.j.e.StandardJMeterEngine: Notifying test listeners of end of test
2023-03-08 20:05:16,886 INFO o.a.j.r.Summariser: summary +     91 in 00:00:16 =    5.6/s Avg:   256 Min:   230 Max:   433 Err:     0 (0.00%) Active: 0 Started: 5 Finished: 5
2023-03-08 20:05:16,887 INFO o.a.j.r.Summariser: summary =    281 in 00:01:00 =    4.7/s Avg:   272 Min:   230 Max:  2122 Err:     0 (0.00%)
2023-03-08 20:05:16,888 INFO o.a.j.JMeter: Generating Dashboard
2023-03-08 20:05:16,889 INFO o.a.j.r.d.ReportGenerator: Flushing result collector before report Generation
2023-03-08 20:05:16,933 INFO o.a.j.r.p.NormalizerSampleConsumer: Using format, 'yyyy/MM/dd HH:mm:ss.SSS', to parse timeStamp field
2023-03-08 20:05:17,166 INFO o.a.j.r.p.AbstractSampleConsumer: class org.apache.jmeter.report.processor.AggregateConsumer#stopProducing(): beginDate produced 0 samples
2023-03-08 20:05:17,168 INFO o.a.j.r.p.AbstractSampleConsumer: class org.apache.jmeter.report.processor.AggregateConsumer#stopProducing(): endDate produced 0 samples
2023-03-08 20:05:17,170 INFO o.a.j.r.p.AbstractSampleConsumer: class org.apache.jmeter.report.processor.ApdexSummaryConsumer#stopProducing(): apdexSummary produced 0 samples
2023-03-08 20:05:17,170 INFO o.a.j.r.p.AbstractSampleConsumer: class org.apache.jmeter.report.processor.RequestsSummaryConsumer#stopProducing(): requestsSummary produced 0 samples
2023-03-08 20:05:17,175 INFO o.a.j.r.p.AbstractSampleConsumer: class org.apache.jmeter.report.processor.StatisticsSummaryConsumer#stopProducing(): statisticsSummary produced 0 samples
2023-03-08 20:05:17,191 INFO o.a.j.r.p.AbstractSampleConsumer: class org.apache.jmeter.report.processor.Top5ErrorsBySamplerConsumer#stopProducing(): top5ErrorsBySampler produced 0 samples
2023-03-08 20:05:17,191 INFO o.a.j.r.p.AbstractSampleConsumer: class org.apache.jmeter.report.processor.ErrorsSummaryConsumer#stopProducing(): errorsSummary produced 0 samples
2023-03-08 20:05:17,191 INFO o.a.j.r.p.AbstractSampleConsumer: class org.apache.jmeter.report.processor.graph.impl.HitsPerSecondGraphConsumer#stopProducing(): hitsPerSecond produced 0 samples
2023-03-08 20:05:17,216 INFO o.a.j.r.p.AbstractSampleConsumer: class org.apache.jmeter.report.processor.graph.impl.LatencyVSRequestGraphConsumer#stopProducing(): latencyVsRequest produced 0 samples
2023-03-08 20:05:17,217 INFO o.a.j.r.p.AbstractSampleConsumer: class org.apache.jmeter.report.processor.graph.impl.SyntheticResponseTimeDistributionGraphConsumer#stopProducing(): syntheticResponseTimeDistribution produced 0 samples
2023-03-08 20:05:17,218 INFO o.a.j.r.p.AbstractSampleConsumer: class org.apache.jmeter.report.processor.graph.impl.BytesThroughputGraphConsumer#stopProducing(): bytesThroughputOverTime produced 0 samples
2023-03-08 20:05:17,218 INFO o.a.j.r.p.AbstractSampleConsumer: class org.apache.jmeter.report.processor.graph.impl.CodesPerSecondGraphConsumer#stopProducing(): codesPerSecond produced 0 samples
2023-03-08 20:05:17,223 INFO o.a.j.r.p.AbstractSampleConsumer: class org.apache.jmeter.report.processor.graph.impl.ResponseTimeVSRequestGraphConsumer#stopProducing(): responseTimeVsRequest produced 0 samples
2023-03-08 20:05:17,225 INFO o.a.j.r.p.AbstractSampleConsumer: class org.apache.jmeter.report.processor.FilterConsumer#stopProducing(): startIntervalControlerFilter produced 1967 samples
2023-03-08 20:05:17,225 INFO o.a.j.r.p.AbstractSampleConsumer: class org.apache.jmeter.report.processor.graph.impl.TotalTPSGraphConsumer#stopProducing(): totalTPS produced 0 samples
2023-03-08 20:05:17,225 INFO o.a.j.r.p.AbstractSampleConsumer: class org.apache.jmeter.report.processor.graph.impl.ActiveThreadsGraphConsumer#stopProducing(): activeThreadsOverTime produced 0 samples
2023-03-08 20:05:17,225 INFO o.a.j.r.p.AbstractSampleConsumer: class org.apache.jmeter.report.processor.graph.impl.TimeVSThreadGraphConsumer#stopProducing(): timeVsThreads produced 0 samples
2023-03-08 20:05:17,226 INFO o.a.j.r.p.AbstractSampleConsumer: class org.apache.jmeter.report.processor.graph.impl.ResponseTimeDistributionGraphConsumer#stopProducing(): responseTimeDistribution produced 0 samples
2023-03-08 20:05:17,227 INFO o.a.j.r.p.AbstractSampleConsumer: class org.apache.jmeter.report.processor.graph.impl.TransactionsPerSecondGraphConsumer#stopProducing(): transactionsPerSecond produced 0 samples
2023-03-08 20:05:17,227 INFO o.a.j.r.p.AbstractSampleConsumer: class org.apache.jmeter.report.processor.graph.impl.ResponseTimePercentilesGraphConsumer#stopProducing(): responseTimePercentiles produced 0 samples
2023-03-08 20:05:17,235 INFO o.a.j.r.p.AbstractSampleConsumer: class org.apache.jmeter.report.processor.graph.impl.ResponseTimePercentilesOverTimeGraphConsumer#stopProducing(): responseTimePercentilesOverTime produced 0 samples
2023-03-08 20:05:17,239 INFO o.a.j.r.p.AbstractSampleConsumer: class org.apache.jmeter.report.processor.graph.impl.ResponseTimeOverTimeGraphConsumer#stopProducing(): responseTimesOverTime produced 0 samples
2023-03-08 20:05:17,240 INFO o.a.j.r.p.AbstractSampleConsumer: class org.apache.jmeter.report.processor.graph.impl.ConnectTimeOverTimeGraphConsumer#stopProducing(): connectTimeOverTime produced 0 samples
2023-03-08 20:05:17,240 INFO o.a.j.r.p.AbstractSampleConsumer: class org.apache.jmeter.report.processor.graph.impl.LatencyOverTimeGraphConsumer#stopProducing(): latenciesOverTime produced 0 samples
2023-03-08 20:05:17,240 INFO o.a.j.r.p.AbstractSampleConsumer: class org.apache.jmeter.report.processor.FilterConsumer#stopProducing(): nameFilter produced 4215 samples
2023-03-08 20:05:17,241 INFO o.a.j.r.p.AbstractSampleConsumer: class org.apache.jmeter.report.processor.FilterConsumer#stopProducing(): dateRangeFilter produced 843 samples
2023-03-08 20:05:17,241 INFO o.a.j.r.p.AbstractSampleConsumer: class org.apache.jmeter.report.processor.NormalizerSampleConsumer#stopProducing(): normalizer produced 281 samples
2023-03-08 20:05:17,242 INFO o.a.j.r.p.CsvFileSampleSource: produce(): 281 samples produced in 279ms on channel 0
2023-03-08 20:05:17,242 INFO o.a.j.r.d.ReportGenerator: Exporting data using exporter:'json' of className:'org.apache.jmeter.report.dashboard.JsonExporter'
2023-03-08 20:05:17,368 INFO o.a.j.r.d.JsonExporter: Found data for consumer statisticsSummaryin context
2023-03-08 20:05:17,371 INFO o.a.j.r.d.JsonExporter: Creating statistics for overall
2023-03-08 20:05:17,371 INFO o.a.j.r.d.JsonExporter: Creating statistics for other transactions
2023-03-08 20:05:17,378 INFO o.a.j.r.d.JsonExporter: Checking output folder
2023-03-08 20:05:17,380 INFO o.a.j.r.d.JsonExporter: Writing statistics JSON to /Users/michaeltimofeev/Documents/epam/perfChallengeFlood/logs/htmlReport/statistics.json
2023-03-08 20:05:17,428 INFO o.a.j.r.d.ReportGenerator: Exporting data using exporter:'html' of className:'org.apache.jmeter.report.dashboard.HtmlTemplateExporter'
2023-03-08 20:05:17,442 INFO o.a.j.r.d.HtmlTemplateExporter: Will generate dashboard in folder: /Users/michaeltimofeev/Documents/epam/perfChallengeFlood/logs/htmlReport
2023-03-08 20:05:17,576 INFO o.a.j.r.d.HtmlTemplateExporter: Report will be generated in: /Users/michaeltimofeev/Documents/epam/perfChallengeFlood/logs/htmlReport, creating folder structure
2023-03-08 20:05:17,581 INFO o.a.j.r.d.TemplateVisitor: Copying folder from '/Users/michaeltimofeev/tools/apache-jmeter-5.4.1/bin/report-template' to '/Users/michaeltimofeev/Documents/epam/perfChallengeFlood/logs/htmlReport', got message: /Users/michaeltimofeev/Documents/epam/perfChallengeFlood/logs/htmlReport, found non empty folder with following content [/Users/michaeltimofeev/Documents/epam/perfChallengeFlood/logs/htmlReport/statistics.json], will be ignored
2023-03-08 20:05:17,847 INFO o.a.j.JMeter: Dashboard generated
